TN:
SF:/home/ptesic@syrmia.com/Desktop/VS/final_exam/2023_Analysis_Compound_Unit/unit_tests/build-CU_UnitTests-Desktop-Debug/tst_compound_unit.moc
FN:117,_ZN13compound_unit18qt_static_metacallEP7QObjectN11QMetaObject4CallEiPPv
FNDA:195,_ZN13compound_unit18qt_static_metacallEP7QObjectN11QMetaObject4CallEiPPv
FN:154,_ZNK13compound_unit10metaObjectEv
FNDA:273,_ZNK13compound_unit10metaObjectEv
FN:159,_ZN13compound_unit11qt_metacastEPKc
FNDA:0,_ZN13compound_unit11qt_metacastEPKc
FN:167,_ZN13compound_unit11qt_metacallEN11QMetaObject4CallEiPPv
FNDA:0,_ZN13compound_unit11qt_metacallEN11QMetaObject4CallEiPPv
DA:117,195
DA:119,195
DA:120,195
DA:122,195
DA:123,13
DA:124,13
DA:125,13
DA:126,13
DA:127,13
DA:128,13
DA:129,13
DA:130,13
DA:131,13
DA:132,13
DA:133,13
DA:134,13
DA:135,13
DA:136,13
DA:137,13
DA:138,195
DA:142,195
DA:154,273
DA:156,273
DA:159,0
DA:161,0
DA:162,0
DA:163,0
DA:164,0
DA:167,0
DA:169,0
DA:170,0
DA:171,0
DA:172,0
DA:173,0
DA:174,0
DA:175,0
DA:176,0
DA:177,0
DA:178,0
DA:179,0
DA:181,0
end_of_record
SF:/home/ptesic@syrmia.com/Desktop/VS/final_exam/2023_Analysis_Compound_Unit/unit_tests/CU_source_code/base_unit.hpp
FN:41,_ZN4unit5meterILin8EE3strEv
FNDA:13,_ZN4unit5meterILin8EE3strEv
FN:41,_ZN4unit5meterILi6EE3strEv
FNDA:13,_ZN4unit5meterILi6EE3strEv
FN:41,_ZN4unit5meterILi2EE3strEv
FNDA:26,_ZN4unit5meterILi2EE3strEv
FN:41,_ZN4unit5meterILi5EE3strEv
FNDA:13,_ZN4unit5meterILi5EE3strEv
FN:41,_ZN4unit5meterILi1EE3strEv
FNDA:91,_ZN4unit5meterILi1EE3strEv
FN:65,_ZN4unit6secondILin6EE3strEv
FNDA:13,_ZN4unit6secondILin6EE3strEv
FN:65,_ZN4unit6secondILi0EE3strEv
FNDA:13,_ZN4unit6secondILi0EE3strEv
FN:65,_ZN4unit6secondILin2EE3strEv
FNDA:26,_ZN4unit6secondILin2EE3strEv
FN:65,_ZN4unit6secondILin3EE3strEv
FNDA:13,_ZN4unit6secondILin3EE3strEv
FN:65,_ZN4unit6secondILin1EE3strEv
FNDA:13,_ZN4unit6secondILin1EE3strEv
FN:65,_ZN4unit6secondILin4EE3strEv
FNDA:26,_ZN4unit6secondILin4EE3strEv
FN:65,_ZN4unit6secondILi1EE3strEv
FNDA:13,_ZN4unit6secondILi1EE3strEv
FN:65,_ZN4unit6secondILi3EE3strEv
FNDA:26,_ZN4unit6secondILi3EE3strEv
FN:65,_ZN4unit6secondILi2EE3strEv
FNDA:13,_ZN4unit6secondILi2EE3strEv
DA:41,13
DA:43,13
DA:41,13
DA:43,13
DA:41,26
DA:43,26
DA:41,13
DA:43,13
DA:41,91
DA:43,91
DA:65,13
DA:67,13
DA:65,13
DA:67,13
DA:65,26
DA:67,26
DA:65,13
DA:67,13
DA:65,13
DA:67,13
DA:65,26
DA:67,26
DA:65,13
DA:67,13
DA:65,26
DA:67,26
DA:65,13
DA:67,13
end_of_record
SF:/usr/include/c++/9/ext/string_conversions.h
FN:99,_ZN9__gnu_cxx12__to_xstringINSt7__cxx1112basic_stringIcSt11char_traitsIcESaIcEEEcEET_PFiPT0_mPKS8_P13__va_list_tagEmSB_z
FNDA:312,_ZN9__gnu_cxx12__to_xstringINSt7__cxx1112basic_stringIcSt11char_traitsIcESaIcEEEcEET_PFiPT0_mPKS8_P13__va_list_tagEmSB_z
DA:99,312
DA:105,312
DA:109,312
DA:111,312
DA:113,312
DA:115,312
end_of_record
SF:/usr/include/c++/9/ext/new_allocator.h
FN:80,_ZN9__gnu_cxx13new_allocatorIcEC2Ev
FNDA:0,_ZN9__gnu_cxx13new_allocatorIcEC2Ev
FN:89,_ZN9__gnu_cxx13new_allocatorIcED2Ev
FNDA:0,_ZN9__gnu_cxx13new_allocatorIcED2Ev
DA:80,0
DA:89,0
end_of_record
SF:/home/ptesic@syrmia.com/Desktop/VS/final_exam/2023_Analysis_Compound_Unit/unit_tests/CU_source_code/compound_unit.hpp
FN:181,_ZN4unit13to_str_type_tINS_13compound_unitIJNS_5meterILi2EEENS_6secondILin6EEEEEELb0EE3strB5cxx11Ev
FNDA:13,_ZN4unit13to_str_type_tINS_13compound_unitIJNS_5meterILi2EEENS_6secondILin6EEEEEELb0EE3strB5cxx11Ev
FN:181,_ZN4unit13to_str_type_tINS_13compound_unitIJNS_5meterILi1EEENS_6secondILin1EEEEEELb0EE3strB5cxx11Ev
FNDA:13,_ZN4unit13to_str_type_tINS_13compound_unitIJNS_5meterILi1EEENS_6secondILin1EEEEEELb0EE3strB5cxx11Ev
FN:181,_ZN4unit13to_str_type_tINS_13compound_unitIJNS_6secondILi2EEENS2_ILi3EEENS_5meterILi1EEENS2_ILin2EEEEEELb0EE3strB5cxx11Ev
FNDA:13,_ZN4unit13to_str_type_tINS_13compound_unitIJNS_6secondILi2EEENS2_ILi3EEENS_5meterILi1EEENS2_ILin2EEEEEELb0EE3strB5cxx11Ev
FN:181,_ZN4unit13to_str_type_tINS_13compound_unitIJNS_6secondILi3EEENS_5meterILi1EEEEEELb0EE3strB5cxx11Ev
FNDA:13,_ZN4unit13to_str_type_tINS_13compound_unitIJNS_6secondILi3EEENS_5meterILi1EEEEEELb0EE3strB5cxx11Ev
FN:181,_ZN4unit13to_str_type_tINS_13compound_unitIJNS_6secondILi1EEENS_5meterILi1EEEEEELb0EE3strB5cxx11Ev
FNDA:13,_ZN4unit13to_str_type_tINS_13compound_unitIJNS_6secondILi1EEENS_5meterILi1EEEEEELb0EE3strB5cxx11Ev
FN:181,_ZN4unit13to_str_type_tINS_13compound_unitIJNS_5meterILi5EEENS_6secondILin3EEEEEELb0EE3strB5cxx11Ev
FNDA:13,_ZN4unit13to_str_type_tINS_13compound_unitIJNS_5meterILi5EEENS_6secondILin3EEEEEELb0EE3strB5cxx11Ev
FN:181,_ZN4unit13to_str_type_tINS_13compound_unitIJNS_5meterILi1EEENS_6secondILin2EEEEEELb0EE3strB5cxx11Ev
FNDA:26,_ZN4unit13to_str_type_tINS_13compound_unitIJNS_5meterILi1EEENS_6secondILin2EEEEEELb0EE3strB5cxx11Ev
FN:181,_ZN4unit13to_str_type_tINS_13compound_unitIJNS_5meterILi1EEENS_6secondILi0EEEEEELb0EE3strB5cxx11Ev
FNDA:13,_ZN4unit13to_str_type_tINS_13compound_unitIJNS_5meterILi1EEENS_6secondILi0EEEEEELb0EE3strB5cxx11Ev
FN:181,_ZN4unit13to_str_type_tINS_13compound_unitIJNS_5meterILi1EEEEEELb0EE3strB5cxx11Ev
FNDA:39,_ZN4unit13to_str_type_tINS_13compound_unitIJNS_5meterILi1EEEEEELb0EE3strB5cxx11Ev
FN:181,_ZN4unit13to_str_type_tINS_13compound_unitIJNS_5meterILi2EEENS2_ILi6EEENS_6secondILin4EEENS2_ILin8EEEEEELb0EE3strB5cxx11Ev
FNDA:13,_ZN4unit13to_str_type_tINS_13compound_unitIJNS_5meterILi2EEENS2_ILi6EEENS_6secondILin4EEENS2_ILin8EEEEEELb0EE3strB5cxx11Ev
FN:181,_ZN4unit13to_str_type_tINS_13compound_unitIJNS_6secondILin4EEEEEELb0EE3strB5cxx11Ev
FNDA:13,_ZN4unit13to_str_type_tINS_13compound_unitIJNS_6secondILin4EEEEEELb0EE3strB5cxx11Ev
FN:181,_ZN4unit13to_str_type_tINS_13compound_unitIJNS_5meterILin8EEEEEELb0EE3strB5cxx11Ev
FNDA:13,_ZN4unit13to_str_type_tINS_13compound_unitIJNS_5meterILin8EEEEEELb0EE3strB5cxx11Ev
FN:181,_ZN4unit13to_str_type_tINS_13compound_unitIJNS_6secondILin1EEEEEELb0EE3strB5cxx11Ev
FNDA:13,_ZN4unit13to_str_type_tINS_13compound_unitIJNS_6secondILin1EEEEEELb0EE3strB5cxx11Ev
FN:181,_ZN4unit13to_str_type_tINS_13compound_unitIJNS_6secondILi3EEENS_5meterILi1EEENS2_ILin2EEEEEELb0EE3strB5cxx11Ev
FNDA:13,_ZN4unit13to_str_type_tINS_13compound_unitIJNS_6secondILi3EEENS_5meterILi1EEENS2_ILin2EEEEEELb0EE3strB5cxx11Ev
FN:181,_ZN4unit13to_str_type_tINS_13compound_unitIJNS_6secondILin3EEEEEELb0EE3strB5cxx11Ev
FNDA:13,_ZN4unit13to_str_type_tINS_13compound_unitIJNS_6secondILin3EEEEEELb0EE3strB5cxx11Ev
FN:181,_ZN4unit13to_str_type_tINS_13compound_unitIJNS_6secondILin2EEEEEELb0EE3strB5cxx11Ev
FNDA:26,_ZN4unit13to_str_type_tINS_13compound_unitIJNS_6secondILin2EEEEEELb0EE3strB5cxx11Ev
FN:181,_ZN4unit13to_str_type_tINS_13compound_unitIJNS_6secondILi0EEEEEELb0EE3strB5cxx11Ev
FNDA:13,_ZN4unit13to_str_type_tINS_13compound_unitIJNS_6secondILi0EEEEEELb0EE3strB5cxx11Ev
FN:181,_ZN4unit13to_str_type_tINS_13compound_unitIJNS_5meterILi6EEENS_6secondILin4EEENS2_ILin8EEEEEELb0EE3strB5cxx11Ev
FNDA:13,_ZN4unit13to_str_type_tINS_13compound_unitIJNS_5meterILi6EEENS_6secondILin4EEENS2_ILin8EEEEEELb0EE3strB5cxx11Ev
FN:181,_ZN4unit13to_str_type_tINS_13compound_unitIJNS_6secondILin6EEEEEELb0EE3strB5cxx11Ev
FNDA:13,_ZN4unit13to_str_type_tINS_13compound_unitIJNS_6secondILin6EEEEEELb0EE3strB5cxx11Ev
FN:181,_ZN4unit13to_str_type_tINS_13compound_unitIJNS_6secondILin4EEENS_5meterILin8EEEEEELb0EE3strB5cxx11Ev
FNDA:13,_ZN4unit13to_str_type_tINS_13compound_unitIJNS_6secondILin4EEENS_5meterILin8EEEEEELb0EE3strB5cxx11Ev
FN:192,_ZN4unit13to_str_type_tINS_13compound_unitIJEEELb1EE3strB5cxx11Ev
FNDA:143,_ZN4unit13to_str_type_tINS_13compound_unitIJEEELb1EE3strB5cxx11Ev
DA:181,13
DA:184,13
DA:181,13
DA:184,13
DA:181,13
DA:184,13
DA:181,13
DA:184,13
DA:181,13
DA:184,13
DA:181,13
DA:184,13
DA:181,26
DA:184,26
DA:181,13
DA:184,13
DA:181,39
DA:184,39
DA:181,13
DA:184,13
DA:181,13
DA:184,13
DA:181,13
DA:184,13
DA:181,13
DA:184,13
DA:181,13
DA:184,13
DA:181,13
DA:184,13
DA:181,26
DA:184,26
DA:181,13
DA:184,13
DA:181,13
DA:184,13
DA:181,13
DA:184,13
DA:181,13
DA:184,13
DA:192,143
DA:194,143
end_of_record
SF:/home/ptesic@syrmia.com/Desktop/VS/final_exam/2023_Analysis_Compound_Unit/unit_tests/CU_UnitTests/tst_compound_unit.cpp
FN:40,_ZN13compound_unit24testCompoundUnitTemplateEv
FNDA:13,_ZN13compound_unit24testCompoundUnitTemplateEv
FN:50,_ZN13compound_unit24testMergingCompoundUnitsEv
FNDA:13,_ZN13compound_unit24testMergingCompoundUnitsEv
FN:64,_ZN13compound_unit28testCondensingCompoundUnits1Ev
FNDA:13,_ZN13compound_unit28testCondensingCompoundUnits1Ev
FN:81,_ZN13compound_unit28testCondensingCompoundUnits2Ev
FNDA:13,_ZN13compound_unit28testCondensingCompoundUnits2Ev
FN:98,_ZN13compound_unit28testMultiplyingCompoundUnitsEv
FNDA:13,_ZN13compound_unit28testMultiplyingCompoundUnitsEv
FN:116,_ZN13compound_unit26testDividingCompoundUnits1Ev
FNDA:13,_ZN13compound_unit26testDividingCompoundUnits1Ev
FN:130,_ZN13compound_unit26testDividingCompoundUnits2Ev
FNDA:13,_ZN13compound_unit26testDividingCompoundUnits2Ev
FN:146,_ZN13compound_unit27testRemovingZeroEqualDegresEv
FNDA:13,_ZN13compound_unit27testRemovingZeroEqualDegresEv
FN:165,_ZN13compound_unit32testUnfoldingNestedCompoundUnitsEv
FNDA:13,_ZN13compound_unit32testUnfoldingNestedCompoundUnitsEv
FN:187,_ZN13compound_unit27testFormatingCompoundUnits1Ev
FNDA:13,_ZN13compound_unit27testFormatingCompoundUnits1Ev
FN:217,_ZN13compound_unit27testFormatingCompoundUnits2Ev
FNDA:13,_ZN13compound_unit27testFormatingCompoundUnits2Ev
FN:243,_ZN13compound_unit19testIsValidTemplateEv
FNDA:13,_ZN13compound_unit19testIsValidTemplateEv
FN:249,_ZN13compound_unitC2Ev
FNDA:13,_ZN13compound_unitC2Ev
FN:254,_ZN13compound_unitD2Ev
FNDA:13,_ZN13compound_unitD2Ev
FN:254,_ZN13compound_unitD0Ev
FNDA:0,_ZN13compound_unitD0Ev
FN:259,_ZN13compound_unit12initTestCaseEv
FNDA:13,_ZN13compound_unit12initTestCaseEv
FN:264,_ZN13compound_unit15cleanupTestCaseEv
FNDA:13,_ZN13compound_unit15cleanupTestCaseEv
FN:269,_ZN13compound_unit10test_case1Ev
FNDA:13,_ZN13compound_unit10test_case1Ev
FN:274,main
FNDA:13,main
DA:40,13
DA:44,13
DA:45,13
DA:47,13
DA:50,13
DA:57,13
DA:59,13
DA:61,13
DA:64,13
DA:76,13
DA:77,13
DA:78,13
DA:81,13
DA:93,13
DA:94,13
DA:95,13
DA:98,13
DA:111,13
DA:112,13
DA:113,13
DA:116,13
DA:126,13
DA:127,13
DA:128,13
DA:130,13
DA:142,13
DA:143,13
DA:144,13
DA:146,13
DA:160,13
DA:161,13
DA:162,13
DA:165,13
DA:182,13
DA:183,13
DA:184,13
DA:187,13
DA:212,13
DA:213,13
DA:214,13
DA:217,13
DA:238,13
DA:239,13
DA:240,13
DA:243,13
DA:245,13
DA:249,13
DA:252,13
DA:254,0
DA:257,0
DA:254,13
DA:257,13
DA:259,13
DA:262,13
DA:264,13
DA:267,13
DA:269,13
DA:272,13
DA:274,13
end_of_record
SF:/usr/include/c++/9/bits/stl_iterator_base_funcs.h
FN:98,_ZSt10__distanceIPcENSt15iterator_traitsIT_E15difference_typeES2_S2_St26random_access_iterator_tag
FNDA:312,_ZSt10__distanceIPcENSt15iterator_traitsIT_E15difference_typeES2_S2_St26random_access_iterator_tag
FN:98,_ZSt10__distanceIPKcENSt15iterator_traitsIT_E15difference_typeES3_S3_St26random_access_iterator_tag
FNDA:455,_ZSt10__distanceIPKcENSt15iterator_traitsIT_E15difference_typeES3_S3_St26random_access_iterator_tag
FN:138,_ZSt8distanceIPcENSt15iterator_traitsIT_E15difference_typeES2_S2_
FNDA:312,_ZSt8distanceIPcENSt15iterator_traitsIT_E15difference_typeES2_S2_
FN:138,_ZSt8distanceIPKcENSt15iterator_traitsIT_E15difference_typeES3_S3_
FNDA:455,_ZSt8distanceIPKcENSt15iterator_traitsIT_E15difference_typeES3_S3_
DA:98,312
DA:104,312
DA:98,455
DA:104,455
DA:138,312
DA:141,312
DA:142,624
DA:138,455
DA:141,455
DA:142,910
end_of_record
SF:/usr/include/c++/9/bits/stl_iterator_base_types.h
FN:205,_ZSt19__iterator_categoryIPcENSt15iterator_traitsIT_E17iterator_categoryERKS2_
FNDA:312,_ZSt19__iterator_categoryIPcENSt15iterator_traitsIT_E17iterator_categoryERKS2_
FN:205,_ZSt19__iterator_categoryIPKcENSt15iterator_traitsIT_E17iterator_categoryERKS3_
FNDA:455,_ZSt19__iterator_categoryIPKcENSt15iterator_traitsIT_E17iterator_categoryERKS3_
DA:205,312
DA:206,312
DA:205,455
DA:206,455
end_of_record
SF:/usr/include/x86_64-linux-gnu/qt5/QtTest/qtestcase.h
FN:251,_ZN5QTest8Internal8toStringINSt7__cxx1112basic_stringIcSt11char_traitsIcESaIcEEEEENSt9enable_ifIXntsrN9QtPrivate13IsQEnumHelperIT_EE5ValueEPcE4typeERKSB_
FNDA:143,_ZN5QTest8Internal8toStringINSt7__cxx1112basic_stringIcSt11char_traitsIcESaIcEEEEENSt9enable_ifIXntsrN9QtPrivate13IsQEnumHelperIT_EE5ValueEPcE4typeERKSB_
FN:275,_ZN5QTest8toStringINSt7__cxx1112basic_stringIcSt11char_traitsIcESaIcEEEEEPcRKT_
FNDA:143,_ZN5QTest8toStringINSt7__cxx1112basic_stringIcSt11char_traitsIcESaIcEEEEEPcRKT_
FN:415,_ZN5QTest8qCompareINSt7__cxx1112basic_stringIcSt11char_traitsIcESaIcEEEPKcEEbRKT_RKT0_S8_S8_S8_i
FNDA:143,_ZN5QTest8qCompareINSt7__cxx1112basic_stringIcSt11char_traitsIcESaIcEEEPKcEEbRKT_RKT0_S8_S8_S8_i
DA:251,143
DA:253,143
DA:275,143
DA:277,143
DA:415,143
DA:418,143
DA:419,143
end_of_record
SF:/usr/include/c++/9/bits/char_traits.h
FN:100,_ZN9__gnu_cxx11char_traitsIcE2eqERKcS3_
FNDA:0,_ZN9__gnu_cxx11char_traitsIcE2eqERKcS3_
FN:161,_ZN9__gnu_cxx11char_traitsIcE6lengthEPKc
FNDA:0,_ZN9__gnu_cxx11char_traitsIcE6lengthEPKc
FN:336,_ZNSt11char_traitsIcE6lengthEPKc
FNDA:455,_ZNSt11char_traitsIcE6lengthEPKc
FN:368,_ZNSt11char_traitsIcE4copyEPcPKcm
FNDA:0,_ZNSt11char_traitsIcE4copyEPcPKcm
DA:100,0
DA:101,0
DA:161,0
DA:164,0
DA:165,0
DA:166,0
DA:167,0
DA:236,455
DA:336,455
DA:339,455
DA:340,0
DA:342,455
DA:368,0
DA:370,0
DA:371,0
DA:372,0
end_of_record
SF:/usr/include/c++/9/bits/basic_string.h
FN:247,_ZNSt7__cxx1112basic_stringIcSt11char_traitsIcESaIcEE16_M_construct_auxIPcEEvT_S7_St12__false_type
FNDA:312,_ZNSt7__cxx1112basic_stringIcSt11char_traitsIcESaIcEE16_M_construct_auxIPcEEvT_S7_St12__false_type
FN:247,_ZNSt7__cxx1112basic_stringIcSt11char_traitsIcESaIcEE16_M_construct_auxIPKcEEvT_S8_St12__false_type
FNDA:455,_ZNSt7__cxx1112basic_stringIcSt11char_traitsIcESaIcEE16_M_construct_auxIPKcEEvT_S8_St12__false_type
FN:267,_ZNSt7__cxx1112basic_stringIcSt11char_traitsIcESaIcEE12_M_constructIPcEEvT_S7_
FNDA:312,_ZNSt7__cxx1112basic_stringIcSt11char_traitsIcESaIcEE12_M_constructIPcEEvT_S7_
FN:267,_ZNSt7__cxx1112basic_stringIcSt11char_traitsIcESaIcEE12_M_constructIPKcEEvT_S8_
FNDA:455,_ZNSt7__cxx1112basic_stringIcSt11char_traitsIcESaIcEE12_M_constructIPKcEEvT_S8_
FN:529,_ZNSt7__cxx1112basic_stringIcSt11char_traitsIcESaIcEEC2IS3_EEPKcRKS3_
FNDA:455,_ZNSt7__cxx1112basic_stringIcSt11char_traitsIcESaIcEEC2IS3_EEPKcRKS3_
FN:629,_ZNSt7__cxx1112basic_stringIcSt11char_traitsIcESaIcEEC2IPcvEET_S7_RKS3_
FNDA:312,_ZNSt7__cxx1112basic_stringIcSt11char_traitsIcESaIcEEC2IPcvEET_S7_RKS3_
FN:6100,_ZStplIcSt11char_traitsIcESaIcEENSt7__cxx1112basic_stringIT_T0_T1_EEOS8_S9_
FNDA:624,_ZStplIcSt11char_traitsIcESaIcEENSt7__cxx1112basic_stringIT_T0_T1_EEOS8_S9_
FN:6124,_ZStplIcSt11char_traitsIcESaIcEENSt7__cxx1112basic_stringIT_T0_T1_EEOS8_PKS5_
FNDA:312,_ZStplIcSt11char_traitsIcESaIcEENSt7__cxx1112basic_stringIT_T0_T1_EEOS8_PKS5_
FN:6178,_ZSteqIcSt11char_traitsIcESaIcEEbRKNSt7__cxx1112basic_stringIT_T0_T1_EEPKS5_
FNDA:143,_ZSteqIcSt11char_traitsIcESaIcEEbRKNSt7__cxx1112basic_stringIT_T0_T1_EEPKS5_
FN:6549,_ZNSt7__cxx119to_stringEi
FNDA:312,_ZNSt7__cxx119to_stringEi
DA:247,312
DA:251,312
DA:252,312
DA:247,455
DA:251,455
DA:252,455
DA:267,312
DA:270,312
DA:271,312
DA:267,455
DA:270,455
DA:271,455
DA:529,455
DA:530,455
DA:531,455
DA:629,312
DA:631,312
DA:632,312
DA:6100,624
DA:6103,624
DA:6104,624
DA:6105,624
DA:6106,0
DA:6107,624
DA:6124,312
DA:6126,312
DA:6178,143
DA:6180,143
DA:6549,312
DA:6551,312
end_of_record
SF:/usr/include/c++/9/bits/move.h
FN:99,_ZSt4moveIRSaIcEEONSt16remove_referenceIT_E4typeEOS3_
FNDA:0,_ZSt4moveIRSaIcEEONSt16remove_referenceIT_E4typeEOS3_
FN:99,_ZSt4moveIRNSt7__cxx1112basic_stringIcSt11char_traitsIcESaIcEEEEONSt16remove_referenceIT_E4typeEOS8_
FNDA:936,_ZSt4moveIRNSt7__cxx1112basic_stringIcSt11char_traitsIcESaIcEEEEONSt16remove_referenceIT_E4typeEOS8_
DA:99,0
DA:100,0
DA:99,936
DA:100,936
end_of_record
SF:/usr/include/x86_64-linux-gnu/qt5/QtCore/qscopedpointer.h
FN:116,_ZNK14QScopedPointerI11QObjectData21QScopedPointerDeleterIS0_EEptEv
FNDA:273,_ZNK14QScopedPointerI11QObjectData21QScopedPointerDeleterIS0_EEptEv
DA:116,273
DA:118,273
end_of_record
SF:/usr/include/c++/9/bits/basic_string.tcc
FN:206,_ZNSt7__cxx1112basic_stringIcSt11char_traitsIcESaIcEE12_M_constructIPcEEvT_S7_St20forward_iterator_tag
FNDA:312,_ZNSt7__cxx1112basic_stringIcSt11char_traitsIcESaIcEE12_M_constructIPcEEvT_S7_St20forward_iterator_tag
FN:206,_ZNSt7__cxx1112basic_stringIcSt11char_traitsIcESaIcEE12_M_constructIPKcEEvT_S8_St20forward_iterator_tag
FNDA:455,_ZNSt7__cxx1112basic_stringIcSt11char_traitsIcESaIcEE12_M_constructIPKcEEvT_S8_St20forward_iterator_tag
DA:206,312
DA:211,312
DA:212,0
DA:215,312
DA:217,312
DA:219,0
DA:220,0
DA:225,312
DA:226,0
DA:228,0
DA:229,0
DA:232,312
DA:233,312
DA:206,455
DA:211,455
DA:212,0
DA:215,455
DA:217,455
DA:219,0
DA:220,0
DA:225,455
DA:226,0
DA:228,0
DA:229,0
DA:232,455
DA:233,455
end_of_record
SF:/usr/include/c++/9/ext/type_traits.h
FN:152,_ZN9__gnu_cxx17__is_null_pointerIcEEbPT_
FNDA:312,_ZN9__gnu_cxx17__is_null_pointerIcEEbPT_
FN:152,_ZN9__gnu_cxx17__is_null_pointerIKcEEbPT_
FNDA:455,_ZN9__gnu_cxx17__is_null_pointerIKcEEbPT_
DA:152,312
DA:153,312
DA:152,455
DA:153,455
end_of_record
