TN:
SF:/usr/include/c++/9/bits/basic_string.tcc
FN:206,_ZNSt7__cxx1112basic_stringIcSt11char_traitsIcESaIcEE12_M_constructIPcEEvT_S7_St20forward_iterator_tag
FNDA:168,_ZNSt7__cxx1112basic_stringIcSt11char_traitsIcESaIcEE12_M_constructIPcEEvT_S7_St20forward_iterator_tag
FN:206,_ZNSt7__cxx1112basic_stringIcSt11char_traitsIcESaIcEE12_M_constructIPKcEEvT_S8_St20forward_iterator_tag
FNDA:245,_ZNSt7__cxx1112basic_stringIcSt11char_traitsIcESaIcEE12_M_constructIPKcEEvT_S8_St20forward_iterator_tag
DA:206,168
DA:211,168
DA:212,0
DA:215,168
DA:217,168
DA:219,0
DA:220,0
DA:225,168
DA:226,0
DA:228,0
DA:229,0
DA:232,168
DA:233,168
DA:206,245
DA:211,245
DA:212,0
DA:215,245
DA:217,245
DA:219,0
DA:220,0
DA:225,245
DA:226,0
DA:228,0
DA:229,0
DA:232,245
DA:233,245
end_of_record
SF:/usr/include/c++/9/bits/char_traits.h
FN:100,_ZN9__gnu_cxx11char_traitsIcE2eqERKcS3_
FNDA:0,_ZN9__gnu_cxx11char_traitsIcE2eqERKcS3_
FN:161,_ZN9__gnu_cxx11char_traitsIcE6lengthEPKc
FNDA:0,_ZN9__gnu_cxx11char_traitsIcE6lengthEPKc
FN:336,_ZNSt11char_traitsIcE6lengthEPKc
FNDA:245,_ZNSt11char_traitsIcE6lengthEPKc
FN:368,_ZNSt11char_traitsIcE4copyEPcPKcm
FNDA:0,_ZNSt11char_traitsIcE4copyEPcPKcm
DA:100,0
DA:101,0
DA:161,0
DA:164,0
DA:165,0
DA:166,0
DA:167,0
DA:236,245
DA:336,245
DA:339,245
DA:340,0
DA:342,245
DA:368,0
DA:370,0
DA:371,0
DA:372,0
end_of_record
SF:/home/ptesic@syrmia.com/Desktop/VS/final_exam/2023_Analysis_Compound_Unit/unit_tests/CU_source_code/compound_unit.hpp
FN:181,_ZN4unit13to_str_type_tINS_13compound_unitIJNS_5meterILi2EEENS_6secondILin6EEEEEELb0EE3strB5cxx11Ev
FNDA:7,_ZN4unit13to_str_type_tINS_13compound_unitIJNS_5meterILi2EEENS_6secondILin6EEEEEELb0EE3strB5cxx11Ev
FN:181,_ZN4unit13to_str_type_tINS_13compound_unitIJNS_5meterILi1EEENS_6secondILin1EEEEEELb0EE3strB5cxx11Ev
FNDA:7,_ZN4unit13to_str_type_tINS_13compound_unitIJNS_5meterILi1EEENS_6secondILin1EEEEEELb0EE3strB5cxx11Ev
FN:181,_ZN4unit13to_str_type_tINS_13compound_unitIJNS_6secondILi2EEENS2_ILi3EEENS_5meterILi1EEENS2_ILin2EEEEEELb0EE3strB5cxx11Ev
FNDA:7,_ZN4unit13to_str_type_tINS_13compound_unitIJNS_6secondILi2EEENS2_ILi3EEENS_5meterILi1EEENS2_ILin2EEEEEELb0EE3strB5cxx11Ev
FN:181,_ZN4unit13to_str_type_tINS_13compound_unitIJNS_6secondILi3EEENS_5meterILi1EEEEEELb0EE3strB5cxx11Ev
FNDA:7,_ZN4unit13to_str_type_tINS_13compound_unitIJNS_6secondILi3EEENS_5meterILi1EEEEEELb0EE3strB5cxx11Ev
FN:181,_ZN4unit13to_str_type_tINS_13compound_unitIJNS_6secondILi1EEENS_5meterILi1EEEEEELb0EE3strB5cxx11Ev
FNDA:7,_ZN4unit13to_str_type_tINS_13compound_unitIJNS_6secondILi1EEENS_5meterILi1EEEEEELb0EE3strB5cxx11Ev
FN:181,_ZN4unit13to_str_type_tINS_13compound_unitIJNS_5meterILi5EEENS_6secondILin3EEEEEELb0EE3strB5cxx11Ev
FNDA:7,_ZN4unit13to_str_type_tINS_13compound_unitIJNS_5meterILi5EEENS_6secondILin3EEEEEELb0EE3strB5cxx11Ev
FN:181,_ZN4unit13to_str_type_tINS_13compound_unitIJNS_5meterILi1EEENS_6secondILin2EEEEEELb0EE3strB5cxx11Ev
FNDA:14,_ZN4unit13to_str_type_tINS_13compound_unitIJNS_5meterILi1EEENS_6secondILin2EEEEEELb0EE3strB5cxx11Ev
FN:181,_ZN4unit13to_str_type_tINS_13compound_unitIJNS_5meterILi1EEENS_6secondILi0EEEEEELb0EE3strB5cxx11Ev
FNDA:7,_ZN4unit13to_str_type_tINS_13compound_unitIJNS_5meterILi1EEENS_6secondILi0EEEEEELb0EE3strB5cxx11Ev
FN:181,_ZN4unit13to_str_type_tINS_13compound_unitIJNS_5meterILi1EEEEEELb0EE3strB5cxx11Ev
FNDA:21,_ZN4unit13to_str_type_tINS_13compound_unitIJNS_5meterILi1EEEEEELb0EE3strB5cxx11Ev
FN:181,_ZN4unit13to_str_type_tINS_13compound_unitIJNS_5meterILi2EEENS2_ILi6EEENS_6secondILin4EEENS2_ILin8EEEEEELb0EE3strB5cxx11Ev
FNDA:7,_ZN4unit13to_str_type_tINS_13compound_unitIJNS_5meterILi2EEENS2_ILi6EEENS_6secondILin4EEENS2_ILin8EEEEEELb0EE3strB5cxx11Ev
FN:181,_ZN4unit13to_str_type_tINS_13compound_unitIJNS_6secondILin4EEEEEELb0EE3strB5cxx11Ev
FNDA:7,_ZN4unit13to_str_type_tINS_13compound_unitIJNS_6secondILin4EEEEEELb0EE3strB5cxx11Ev
FN:181,_ZN4unit13to_str_type_tINS_13compound_unitIJNS_5meterILin8EEEEEELb0EE3strB5cxx11Ev
FNDA:7,_ZN4unit13to_str_type_tINS_13compound_unitIJNS_5meterILin8EEEEEELb0EE3strB5cxx11Ev
FN:181,_ZN4unit13to_str_type_tINS_13compound_unitIJNS_6secondILin1EEEEEELb0EE3strB5cxx11Ev
FNDA:7,_ZN4unit13to_str_type_tINS_13compound_unitIJNS_6secondILin1EEEEEELb0EE3strB5cxx11Ev
FN:181,_ZN4unit13to_str_type_tINS_13compound_unitIJNS_6secondILi3EEENS_5meterILi1EEENS2_ILin2EEEEEELb0EE3strB5cxx11Ev
FNDA:7,_ZN4unit13to_str_type_tINS_13compound_unitIJNS_6secondILi3EEENS_5meterILi1EEENS2_ILin2EEEEEELb0EE3strB5cxx11Ev
FN:181,_ZN4unit13to_str_type_tINS_13compound_unitIJNS_6secondILin3EEEEEELb0EE3strB5cxx11Ev
FNDA:7,_ZN4unit13to_str_type_tINS_13compound_unitIJNS_6secondILin3EEEEEELb0EE3strB5cxx11Ev
FN:181,_ZN4unit13to_str_type_tINS_13compound_unitIJNS_6secondILin2EEEEEELb0EE3strB5cxx11Ev
FNDA:14,_ZN4unit13to_str_type_tINS_13compound_unitIJNS_6secondILin2EEEEEELb0EE3strB5cxx11Ev
FN:181,_ZN4unit13to_str_type_tINS_13compound_unitIJNS_6secondILi0EEEEEELb0EE3strB5cxx11Ev
FNDA:7,_ZN4unit13to_str_type_tINS_13compound_unitIJNS_6secondILi0EEEEEELb0EE3strB5cxx11Ev
FN:181,_ZN4unit13to_str_type_tINS_13compound_unitIJNS_5meterILi6EEENS_6secondILin4EEENS2_ILin8EEEEEELb0EE3strB5cxx11Ev
FNDA:7,_ZN4unit13to_str_type_tINS_13compound_unitIJNS_5meterILi6EEENS_6secondILin4EEENS2_ILin8EEEEEELb0EE3strB5cxx11Ev
FN:181,_ZN4unit13to_str_type_tINS_13compound_unitIJNS_6secondILin6EEEEEELb0EE3strB5cxx11Ev
FNDA:7,_ZN4unit13to_str_type_tINS_13compound_unitIJNS_6secondILin6EEEEEELb0EE3strB5cxx11Ev
FN:181,_ZN4unit13to_str_type_tINS_13compound_unitIJNS_6secondILin4EEENS_5meterILin8EEEEEELb0EE3strB5cxx11Ev
FNDA:7,_ZN4unit13to_str_type_tINS_13compound_unitIJNS_6secondILin4EEENS_5meterILin8EEEEEELb0EE3strB5cxx11Ev
FN:192,_ZN4unit13to_str_type_tINS_13compound_unitIJEEELb1EE3strB5cxx11Ev
FNDA:77,_ZN4unit13to_str_type_tINS_13compound_unitIJEEELb1EE3strB5cxx11Ev
DA:181,7
DA:184,7
DA:181,7
DA:184,7
DA:181,7
DA:184,7
DA:181,7
DA:184,7
DA:181,7
DA:184,7
DA:181,7
DA:184,7
DA:181,14
DA:184,14
DA:181,7
DA:184,7
DA:181,21
DA:184,21
DA:181,7
DA:184,7
DA:181,7
DA:184,7
DA:181,7
DA:184,7
DA:181,7
DA:184,7
DA:181,7
DA:184,7
DA:181,7
DA:184,7
DA:181,14
DA:184,14
DA:181,7
DA:184,7
DA:181,7
DA:184,7
DA:181,7
DA:184,7
DA:181,7
DA:184,7
DA:192,77
DA:194,77
end_of_record
SF:/usr/include/c++/9/ext/string_conversions.h
FN:99,_ZN9__gnu_cxx12__to_xstringINSt7__cxx1112basic_stringIcSt11char_traitsIcESaIcEEEcEET_PFiPT0_mPKS8_P13__va_list_tagEmSB_z
FNDA:168,_ZN9__gnu_cxx12__to_xstringINSt7__cxx1112basic_stringIcSt11char_traitsIcESaIcEEEcEET_PFiPT0_mPKS8_P13__va_list_tagEmSB_z
DA:99,168
DA:105,168
DA:109,168
DA:111,168
DA:113,168
DA:115,168
end_of_record
SF:/home/ptesic@syrmia.com/Desktop/VS/final_exam/2023_Analysis_Compound_Unit/unit_tests/CU_source_code/base_unit.hpp
FN:41,_ZN4unit5meterILin8EE3strEv
FNDA:7,_ZN4unit5meterILin8EE3strEv
FN:41,_ZN4unit5meterILi6EE3strEv
FNDA:7,_ZN4unit5meterILi6EE3strEv
FN:41,_ZN4unit5meterILi2EE3strEv
FNDA:14,_ZN4unit5meterILi2EE3strEv
FN:41,_ZN4unit5meterILi5EE3strEv
FNDA:7,_ZN4unit5meterILi5EE3strEv
FN:41,_ZN4unit5meterILi1EE3strEv
FNDA:49,_ZN4unit5meterILi1EE3strEv
FN:65,_ZN4unit6secondILin6EE3strEv
FNDA:7,_ZN4unit6secondILin6EE3strEv
FN:65,_ZN4unit6secondILi0EE3strEv
FNDA:7,_ZN4unit6secondILi0EE3strEv
FN:65,_ZN4unit6secondILin2EE3strEv
FNDA:14,_ZN4unit6secondILin2EE3strEv
FN:65,_ZN4unit6secondILin3EE3strEv
FNDA:7,_ZN4unit6secondILin3EE3strEv
FN:65,_ZN4unit6secondILin1EE3strEv
FNDA:7,_ZN4unit6secondILin1EE3strEv
FN:65,_ZN4unit6secondILin4EE3strEv
FNDA:14,_ZN4unit6secondILin4EE3strEv
FN:65,_ZN4unit6secondILi1EE3strEv
FNDA:7,_ZN4unit6secondILi1EE3strEv
FN:65,_ZN4unit6secondILi3EE3strEv
FNDA:14,_ZN4unit6secondILi3EE3strEv
FN:65,_ZN4unit6secondILi2EE3strEv
FNDA:7,_ZN4unit6secondILi2EE3strEv
DA:41,7
DA:43,7
DA:41,7
DA:43,7
DA:41,14
DA:43,14
DA:41,7
DA:43,7
DA:41,49
DA:43,49
DA:65,7
DA:67,7
DA:65,7
DA:67,7
DA:65,14
DA:67,14
DA:65,7
DA:67,7
DA:65,7
DA:67,7
DA:65,14
DA:67,14
DA:65,7
DA:67,7
DA:65,14
DA:67,14
DA:65,7
DA:67,7
end_of_record
SF:/usr/include/x86_64-linux-gnu/qt5/QtTest/qtestcase.h
FN:251,_ZN5QTest8Internal8toStringINSt7__cxx1112basic_stringIcSt11char_traitsIcESaIcEEEEENSt9enable_ifIXntsrN9QtPrivate13IsQEnumHelperIT_EE5ValueEPcE4typeERKSB_
FNDA:77,_ZN5QTest8Internal8toStringINSt7__cxx1112basic_stringIcSt11char_traitsIcESaIcEEEEENSt9enable_ifIXntsrN9QtPrivate13IsQEnumHelperIT_EE5ValueEPcE4typeERKSB_
FN:275,_ZN5QTest8toStringINSt7__cxx1112basic_stringIcSt11char_traitsIcESaIcEEEEEPcRKT_
FNDA:77,_ZN5QTest8toStringINSt7__cxx1112basic_stringIcSt11char_traitsIcESaIcEEEEEPcRKT_
FN:415,_ZN5QTest8qCompareINSt7__cxx1112basic_stringIcSt11char_traitsIcESaIcEEEPKcEEbRKT_RKT0_S8_S8_S8_i
FNDA:77,_ZN5QTest8qCompareINSt7__cxx1112basic_stringIcSt11char_traitsIcESaIcEEEPKcEEbRKT_RKT0_S8_S8_S8_i
DA:251,77
DA:253,77
DA:275,77
DA:277,77
DA:415,77
DA:418,77
DA:419,77
end_of_record
SF:/usr/include/c++/9/bits/move.h
FN:99,_ZSt4moveIRSaIcEEONSt16remove_referenceIT_E4typeEOS3_
FNDA:0,_ZSt4moveIRSaIcEEONSt16remove_referenceIT_E4typeEOS3_
FN:99,_ZSt4moveIRNSt7__cxx1112basic_stringIcSt11char_traitsIcESaIcEEEEONSt16remove_referenceIT_E4typeEOS8_
FNDA:504,_ZSt4moveIRNSt7__cxx1112basic_stringIcSt11char_traitsIcESaIcEEEEONSt16remove_referenceIT_E4typeEOS8_
DA:99,0
DA:100,0
DA:99,504
DA:100,504
end_of_record
SF:/home/ptesic@syrmia.com/Desktop/VS/final_exam/2023_Analysis_Compound_Unit/unit_tests/CU_UnitTests/tst_compound_unit.cpp
FN:40,_ZN13compound_unit24testCompoundUnitTemplateEv
FNDA:7,_ZN13compound_unit24testCompoundUnitTemplateEv
FN:50,_ZN13compound_unit24testMergingCompoundUnitsEv
FNDA:7,_ZN13compound_unit24testMergingCompoundUnitsEv
FN:64,_ZN13compound_unit28testCondensingCompoundUnits1Ev
FNDA:7,_ZN13compound_unit28testCondensingCompoundUnits1Ev
FN:81,_ZN13compound_unit28testCondensingCompoundUnits2Ev
FNDA:7,_ZN13compound_unit28testCondensingCompoundUnits2Ev
FN:98,_ZN13compound_unit28testMultiplyingCompoundUnitsEv
FNDA:7,_ZN13compound_unit28testMultiplyingCompoundUnitsEv
FN:116,_ZN13compound_unit26testDividingCompoundUnits1Ev
FNDA:7,_ZN13compound_unit26testDividingCompoundUnits1Ev
FN:130,_ZN13compound_unit26testDividingCompoundUnits2Ev
FNDA:7,_ZN13compound_unit26testDividingCompoundUnits2Ev
FN:146,_ZN13compound_unit27testRemovingZeroEqualDegresEv
FNDA:7,_ZN13compound_unit27testRemovingZeroEqualDegresEv
FN:165,_ZN13compound_unit32testUnfoldingNestedCompoundUnitsEv
FNDA:7,_ZN13compound_unit32testUnfoldingNestedCompoundUnitsEv
FN:187,_ZN13compound_unit27testFormatingCompoundUnits1Ev
FNDA:7,_ZN13compound_unit27testFormatingCompoundUnits1Ev
FN:217,_ZN13compound_unit27testFormatingCompoundUnits2Ev
FNDA:7,_ZN13compound_unit27testFormatingCompoundUnits2Ev
FN:243,_ZN13compound_unit19testIsValidTemplateEv
FNDA:7,_ZN13compound_unit19testIsValidTemplateEv
FN:249,_ZN13compound_unitC2Ev
FNDA:7,_ZN13compound_unitC2Ev
FN:254,_ZN13compound_unitD2Ev
FNDA:7,_ZN13compound_unitD2Ev
FN:254,_ZN13compound_unitD0Ev
FNDA:0,_ZN13compound_unitD0Ev
FN:259,_ZN13compound_unit12initTestCaseEv
FNDA:7,_ZN13compound_unit12initTestCaseEv
FN:264,_ZN13compound_unit15cleanupTestCaseEv
FNDA:7,_ZN13compound_unit15cleanupTestCaseEv
FN:269,_ZN13compound_unit10test_case1Ev
FNDA:7,_ZN13compound_unit10test_case1Ev
FN:274,main
FNDA:7,main
DA:40,7
DA:44,7
DA:45,7
DA:47,7
DA:50,7
DA:57,7
DA:59,7
DA:61,7
DA:64,7
DA:76,7
DA:77,7
DA:78,7
DA:81,7
DA:93,7
DA:94,7
DA:95,7
DA:98,7
DA:111,7
DA:112,7
DA:113,7
DA:116,7
DA:126,7
DA:127,7
DA:128,7
DA:130,7
DA:142,7
DA:143,7
DA:144,7
DA:146,7
DA:160,7
DA:161,7
DA:162,7
DA:165,7
DA:182,7
DA:183,7
DA:184,7
DA:187,7
DA:212,7
DA:213,7
DA:214,7
DA:217,7
DA:238,7
DA:239,7
DA:240,7
DA:243,7
DA:245,7
DA:249,7
DA:252,7
DA:254,0
DA:257,0
DA:254,7
DA:257,7
DA:259,7
DA:262,7
DA:264,7
DA:267,7
DA:269,7
DA:272,7
DA:274,7
end_of_record
SF:/usr/include/c++/9/ext/new_allocator.h
FN:80,_ZN9__gnu_cxx13new_allocatorIcEC2Ev
FNDA:0,_ZN9__gnu_cxx13new_allocatorIcEC2Ev
FN:89,_ZN9__gnu_cxx13new_allocatorIcED2Ev
FNDA:0,_ZN9__gnu_cxx13new_allocatorIcED2Ev
DA:80,0
DA:89,0
end_of_record
SF:/home/ptesic@syrmia.com/Desktop/VS/final_exam/2023_Analysis_Compound_Unit/unit_tests/build-CU_UnitTests-Desktop-Debug/tst_compound_unit.moc
FN:117,_ZN13compound_unit18qt_static_metacallEP7QObjectN11QMetaObject4CallEiPPv
FNDA:105,_ZN13compound_unit18qt_static_metacallEP7QObjectN11QMetaObject4CallEiPPv
FN:154,_ZNK13compound_unit10metaObjectEv
FNDA:147,_ZNK13compound_unit10metaObjectEv
FN:159,_ZN13compound_unit11qt_metacastEPKc
FNDA:0,_ZN13compound_unit11qt_metacastEPKc
FN:167,_ZN13compound_unit11qt_metacallEN11QMetaObject4CallEiPPv
FNDA:0,_ZN13compound_unit11qt_metacallEN11QMetaObject4CallEiPPv
DA:117,105
DA:119,105
DA:120,105
DA:122,105
DA:123,7
DA:124,7
DA:125,7
DA:126,7
DA:127,7
DA:128,7
DA:129,7
DA:130,7
DA:131,7
DA:132,7
DA:133,7
DA:134,7
DA:135,7
DA:136,7
DA:137,7
DA:138,105
DA:142,105
DA:154,147
DA:156,147
DA:159,0
DA:161,0
DA:162,0
DA:163,0
DA:164,0
DA:167,0
DA:169,0
DA:170,0
DA:171,0
DA:172,0
DA:173,0
DA:174,0
DA:175,0
DA:176,0
DA:177,0
DA:178,0
DA:179,0
DA:181,0
end_of_record
SF:/usr/include/c++/9/bits/stl_iterator_base_funcs.h
FN:98,_ZSt10__distanceIPcENSt15iterator_traitsIT_E15difference_typeES2_S2_St26random_access_iterator_tag
FNDA:168,_ZSt10__distanceIPcENSt15iterator_traitsIT_E15difference_typeES2_S2_St26random_access_iterator_tag
FN:98,_ZSt10__distanceIPKcENSt15iterator_traitsIT_E15difference_typeES3_S3_St26random_access_iterator_tag
FNDA:245,_ZSt10__distanceIPKcENSt15iterator_traitsIT_E15difference_typeES3_S3_St26random_access_iterator_tag
FN:138,_ZSt8distanceIPcENSt15iterator_traitsIT_E15difference_typeES2_S2_
FNDA:168,_ZSt8distanceIPcENSt15iterator_traitsIT_E15difference_typeES2_S2_
FN:138,_ZSt8distanceIPKcENSt15iterator_traitsIT_E15difference_typeES3_S3_
FNDA:245,_ZSt8distanceIPKcENSt15iterator_traitsIT_E15difference_typeES3_S3_
DA:98,168
DA:104,168
DA:98,245
DA:104,245
DA:138,168
DA:141,168
DA:142,336
DA:138,245
DA:141,245
DA:142,490
end_of_record
SF:/usr/include/c++/9/bits/stl_iterator_base_types.h
FN:205,_ZSt19__iterator_categoryIPcENSt15iterator_traitsIT_E17iterator_categoryERKS2_
FNDA:168,_ZSt19__iterator_categoryIPcENSt15iterator_traitsIT_E17iterator_categoryERKS2_
FN:205,_ZSt19__iterator_categoryIPKcENSt15iterator_traitsIT_E17iterator_categoryERKS3_
FNDA:245,_ZSt19__iterator_categoryIPKcENSt15iterator_traitsIT_E17iterator_categoryERKS3_
DA:205,168
DA:206,168
DA:205,245
DA:206,245
end_of_record
SF:/usr/include/c++/9/bits/basic_string.h
FN:247,_ZNSt7__cxx1112basic_stringIcSt11char_traitsIcESaIcEE16_M_construct_auxIPcEEvT_S7_St12__false_type
FNDA:168,_ZNSt7__cxx1112basic_stringIcSt11char_traitsIcESaIcEE16_M_construct_auxIPcEEvT_S7_St12__false_type
FN:247,_ZNSt7__cxx1112basic_stringIcSt11char_traitsIcESaIcEE16_M_construct_auxIPKcEEvT_S8_St12__false_type
FNDA:245,_ZNSt7__cxx1112basic_stringIcSt11char_traitsIcESaIcEE16_M_construct_auxIPKcEEvT_S8_St12__false_type
FN:267,_ZNSt7__cxx1112basic_stringIcSt11char_traitsIcESaIcEE12_M_constructIPcEEvT_S7_
FNDA:168,_ZNSt7__cxx1112basic_stringIcSt11char_traitsIcESaIcEE12_M_constructIPcEEvT_S7_
FN:267,_ZNSt7__cxx1112basic_stringIcSt11char_traitsIcESaIcEE12_M_constructIPKcEEvT_S8_
FNDA:245,_ZNSt7__cxx1112basic_stringIcSt11char_traitsIcESaIcEE12_M_constructIPKcEEvT_S8_
FN:529,_ZNSt7__cxx1112basic_stringIcSt11char_traitsIcESaIcEEC2IS3_EEPKcRKS3_
FNDA:245,_ZNSt7__cxx1112basic_stringIcSt11char_traitsIcESaIcEEC2IS3_EEPKcRKS3_
FN:629,_ZNSt7__cxx1112basic_stringIcSt11char_traitsIcESaIcEEC2IPcvEET_S7_RKS3_
FNDA:168,_ZNSt7__cxx1112basic_stringIcSt11char_traitsIcESaIcEEC2IPcvEET_S7_RKS3_
FN:6100,_ZStplIcSt11char_traitsIcESaIcEENSt7__cxx1112basic_stringIT_T0_T1_EEOS8_S9_
FNDA:336,_ZStplIcSt11char_traitsIcESaIcEENSt7__cxx1112basic_stringIT_T0_T1_EEOS8_S9_
FN:6124,_ZStplIcSt11char_traitsIcESaIcEENSt7__cxx1112basic_stringIT_T0_T1_EEOS8_PKS5_
FNDA:168,_ZStplIcSt11char_traitsIcESaIcEENSt7__cxx1112basic_stringIT_T0_T1_EEOS8_PKS5_
FN:6178,_ZSteqIcSt11char_traitsIcESaIcEEbRKNSt7__cxx1112basic_stringIT_T0_T1_EEPKS5_
FNDA:77,_ZSteqIcSt11char_traitsIcESaIcEEbRKNSt7__cxx1112basic_stringIT_T0_T1_EEPKS5_
FN:6549,_ZNSt7__cxx119to_stringEi
FNDA:168,_ZNSt7__cxx119to_stringEi
DA:247,168
DA:251,168
DA:252,168
DA:247,245
DA:251,245
DA:252,245
DA:267,168
DA:270,168
DA:271,168
DA:267,245
DA:270,245
DA:271,245
DA:529,245
DA:530,245
DA:531,245
DA:629,168
DA:631,168
DA:632,168
DA:6100,336
DA:6103,336
DA:6104,336
DA:6105,336
DA:6106,0
DA:6107,336
DA:6124,168
DA:6126,168
DA:6178,77
DA:6180,77
DA:6549,168
DA:6551,168
end_of_record
SF:/usr/include/x86_64-linux-gnu/qt5/QtCore/qscopedpointer.h
FN:116,_ZNK14QScopedPointerI11QObjectData21QScopedPointerDeleterIS0_EEptEv
FNDA:147,_ZNK14QScopedPointerI11QObjectData21QScopedPointerDeleterIS0_EEptEv
DA:116,147
DA:118,147
end_of_record
SF:/usr/include/c++/9/ext/type_traits.h
FN:152,_ZN9__gnu_cxx17__is_null_pointerIcEEbPT_
FNDA:168,_ZN9__gnu_cxx17__is_null_pointerIcEEbPT_
FN:152,_ZN9__gnu_cxx17__is_null_pointerIKcEEbPT_
FNDA:245,_ZN9__gnu_cxx17__is_null_pointerIKcEEbPT_
DA:152,168
DA:153,168
DA:152,245
DA:153,245
end_of_record
