TN:
SF:/home/ptesic@syrmia.com/Desktop/VS/final_exam/2023_Analysis_Compound_Unit/unit_tests/CU_UnitTests/tst_compound_unit.cpp
FN:40,_ZN13compound_unit24testCompoundUnitTemplateEv
FN:50,_ZN13compound_unit24testMergingCompoundUnitsEv
FN:64,_ZN13compound_unit28testCondensingCompoundUnits1Ev
FN:81,_ZN13compound_unit28testCondensingCompoundUnits2Ev
FN:98,_ZN13compound_unit28testMultiplyingCompoundUnitsEv
FN:116,_ZN13compound_unit26testDividingCompoundUnits1Ev
FN:130,_ZN13compound_unit26testDividingCompoundUnits2Ev
FN:146,_ZN13compound_unit27testRemovingZeroEqualDegresEv
FN:165,_ZN13compound_unit32testUnfoldingNestedCompoundUnitsEv
FN:187,_ZN13compound_unit27testFormatingCompoundUnits1Ev
FN:217,_ZN13compound_unit27testFormatingCompoundUnits2Ev
FN:243,_ZN13compound_unit19testIsValidTemplateEv
FN:249,_ZN13compound_unitC2Ev
FN:254,_ZN13compound_unitD0Ev
FN:254,_ZN13compound_unitD2Ev
FN:259,_ZN13compound_unit12initTestCaseEv
FN:264,_ZN13compound_unit15cleanupTestCaseEv
FN:269,_ZN13compound_unit10test_case1Ev
FN:274,main
FNDA:13,_ZN13compound_unit24testCompoundUnitTemplateEv
FNDA:13,_ZN13compound_unit27testRemovingZeroEqualDegresEv
FNDA:13,_ZN13compound_unitC2Ev
FNDA:13,_ZN13compound_unit26testDividingCompoundUnits1Ev
FNDA:13,main
FNDA:13,_ZN13compound_unit32testUnfoldingNestedCompoundUnitsEv
FNDA:13,_ZN13compound_unit15cleanupTestCaseEv
FNDA:13,_ZN13compound_unit10test_case1Ev
FNDA:0,_ZN13compound_unitD0Ev
FNDA:13,_ZN13compound_unit12initTestCaseEv
FNDA:13,_ZN13compound_unit28testCondensingCompoundUnits1Ev
FNDA:13,_ZN13compound_unitD2Ev
FNDA:13,_ZN13compound_unit27testFormatingCompoundUnits1Ev
FNDA:13,_ZN13compound_unit27testFormatingCompoundUnits2Ev
FNDA:13,_ZN13compound_unit28testMultiplyingCompoundUnitsEv
FNDA:13,_ZN13compound_unit24testMergingCompoundUnitsEv
FNDA:13,_ZN13compound_unit19testIsValidTemplateEv
FNDA:13,_ZN13compound_unit28testCondensingCompoundUnits2Ev
FNDA:13,_ZN13compound_unit26testDividingCompoundUnits2Ev
FNF:19
FNH:18
DA:40,13
DA:44,13
DA:45,13
DA:47,13
DA:50,13
DA:57,13
DA:59,13
DA:61,13
DA:64,13
DA:76,13
DA:77,13
DA:78,13
DA:81,13
DA:93,13
DA:94,13
DA:95,13
DA:98,13
DA:111,13
DA:112,13
DA:113,13
DA:116,13
DA:126,13
DA:127,13
DA:128,13
DA:130,13
DA:142,13
DA:143,13
DA:144,13
DA:146,13
DA:160,13
DA:161,13
DA:162,13
DA:165,13
DA:182,13
DA:183,13
DA:184,13
DA:187,13
DA:212,13
DA:213,13
DA:214,13
DA:217,13
DA:238,13
DA:239,13
DA:240,13
DA:243,13
DA:245,13
DA:249,13
DA:252,13
DA:254,13
DA:257,13
DA:259,13
DA:262,13
DA:264,13
DA:267,13
DA:269,13
DA:272,13
DA:274,13
LF:57
LH:57
end_of_record
TN:
SF:/home/ptesic@syrmia.com/Desktop/VS/final_exam/2023_Analysis_Compound_Unit/unit_tests/CU_source_code/base_unit.hpp
FN:41,_ZN4unit5meterILi1EE3strEv
FN:41,_ZN4unit5meterILi2EE3strEv
FN:41,_ZN4unit5meterILin8EE3strEv
FN:41,_ZN4unit5meterILi5EE3strEv
FN:41,_ZN4unit5meterILi6EE3strEv
FN:65,_ZN4unit6secondILi2EE3strEv
FN:65,_ZN4unit6secondILi0EE3strEv
FN:65,_ZN4unit6secondILin4EE3strEv
FN:65,_ZN4unit6secondILin1EE3strEv
FN:65,_ZN4unit6secondILin6EE3strEv
FN:65,_ZN4unit6secondILi3EE3strEv
FN:65,_ZN4unit6secondILin3EE3strEv
FN:65,_ZN4unit6secondILin2EE3strEv
FN:65,_ZN4unit6secondILi1EE3strEv
FNDA:26,_ZN4unit5meterILi2EE3strEv
FNDA:13,_ZN4unit6secondILi2EE3strEv
FNDA:13,_ZN4unit6secondILin1EE3strEv
FNDA:13,_ZN4unit5meterILin8EE3strEv
FNDA:26,_ZN4unit6secondILin4EE3strEv
FNDA:13,_ZN4unit6secondILi0EE3strEv
FNDA:91,_ZN4unit5meterILi1EE3strEv
FNDA:26,_ZN4unit6secondILin2EE3strEv
FNDA:13,_ZN4unit6secondILin3EE3strEv
FNDA:13,_ZN4unit5meterILi6EE3strEv
FNDA:13,_ZN4unit6secondILi1EE3strEv
FNDA:26,_ZN4unit6secondILi3EE3strEv
FNDA:13,_ZN4unit6secondILin6EE3strEv
FNDA:13,_ZN4unit5meterILi5EE3strEv
FNF:14
FNH:14
DA:41,156
DA:43,156
DA:65,156
DA:67,156
LF:4
LH:4
end_of_record
TN:
SF:/home/ptesic@syrmia.com/Desktop/VS/final_exam/2023_Analysis_Compound_Unit/unit_tests/CU_source_code/compound_unit.hpp
FN:181,_ZN4unit13to_str_type_tINS_13compound_unitIJNS_5meterILi1EEENS_6secondILin2EEEEEELb0EE3strB5cxx11Ev
FN:181,_ZN4unit13to_str_type_tINS_13compound_unitIJNS_6secondILin3EEEEEELb0EE3strB5cxx11Ev
FN:181,_ZN4unit13to_str_type_tINS_13compound_unitIJNS_5meterILi1EEEEEELb0EE3strB5cxx11Ev
FN:181,_ZN4unit13to_str_type_tINS_13compound_unitIJNS_5meterILi5EEENS_6secondILin3EEEEEELb0EE3strB5cxx11Ev
FN:181,_ZN4unit13to_str_type_tINS_13compound_unitIJNS_5meterILi2EEENS_6secondILin6EEEEEELb0EE3strB5cxx11Ev
FN:181,_ZN4unit13to_str_type_tINS_13compound_unitIJNS_6secondILin4EEEEEELb0EE3strB5cxx11Ev
FN:181,_ZN4unit13to_str_type_tINS_13compound_unitIJNS_6secondILi1EEENS_5meterILi1EEEEEELb0EE3strB5cxx11Ev
FN:181,_ZN4unit13to_str_type_tINS_13compound_unitIJNS_5meterILi2EEENS2_ILi6EEENS_6secondILin4EEENS2_ILin8EEEEEELb0EE3strB5cxx11Ev
FN:181,_ZN4unit13to_str_type_tINS_13compound_unitIJNS_5meterILi6EEENS_6secondILin4EEENS2_ILin8EEEEEELb0EE3strB5cxx11Ev
FN:181,_ZN4unit13to_str_type_tINS_13compound_unitIJNS_5meterILi1EEENS_6secondILi0EEEEEELb0EE3strB5cxx11Ev
FN:181,_ZN4unit13to_str_type_tINS_13compound_unitIJNS_6secondILin6EEEEEELb0EE3strB5cxx11Ev
FN:181,_ZN4unit13to_str_type_tINS_13compound_unitIJNS_6secondILin1EEEEEELb0EE3strB5cxx11Ev
FN:181,_ZN4unit13to_str_type_tINS_13compound_unitIJNS_6secondILi3EEENS_5meterILi1EEEEEELb0EE3strB5cxx11Ev
FN:181,_ZN4unit13to_str_type_tINS_13compound_unitIJNS_6secondILin4EEENS_5meterILin8EEEEEELb0EE3strB5cxx11Ev
FN:181,_ZN4unit13to_str_type_tINS_13compound_unitIJNS_5meterILi1EEENS_6secondILin1EEEEEELb0EE3strB5cxx11Ev
FN:181,_ZN4unit13to_str_type_tINS_13compound_unitIJNS_6secondILin2EEEEEELb0EE3strB5cxx11Ev
FN:181,_ZN4unit13to_str_type_tINS_13compound_unitIJNS_6secondILi2EEENS2_ILi3EEENS_5meterILi1EEENS2_ILin2EEEEEELb0EE3strB5cxx11Ev
FN:181,_ZN4unit13to_str_type_tINS_13compound_unitIJNS_5meterILin8EEEEEELb0EE3strB5cxx11Ev
FN:181,_ZN4unit13to_str_type_tINS_13compound_unitIJNS_6secondILi3EEENS_5meterILi1EEENS2_ILin2EEEEEELb0EE3strB5cxx11Ev
FN:181,_ZN4unit13to_str_type_tINS_13compound_unitIJNS_6secondILi0EEEEEELb0EE3strB5cxx11Ev
FN:192,_ZN4unit13to_str_type_tINS_13compound_unitIJEEELb1EE3strB5cxx11Ev
FNDA:143,_ZN4unit13to_str_type_tINS_13compound_unitIJEEELb1EE3strB5cxx11Ev
FNDA:26,_ZN4unit13to_str_type_tINS_13compound_unitIJNS_5meterILi1EEENS_6secondILin2EEEEEELb0EE3strB5cxx11Ev
FNDA:13,_ZN4unit13to_str_type_tINS_13compound_unitIJNS_5meterILi2EEENS_6secondILin6EEEEEELb0EE3strB5cxx11Ev
FNDA:13,_ZN4unit13to_str_type_tINS_13compound_unitIJNS_5meterILi5EEENS_6secondILin3EEEEEELb0EE3strB5cxx11Ev
FNDA:39,_ZN4unit13to_str_type_tINS_13compound_unitIJNS_5meterILi1EEEEEELb0EE3strB5cxx11Ev
FNDA:13,_ZN4unit13to_str_type_tINS_13compound_unitIJNS_6secondILin3EEEEEELb0EE3strB5cxx11Ev
FNDA:13,_ZN4unit13to_str_type_tINS_13compound_unitIJNS_6secondILi1EEENS_5meterILi1EEEEEELb0EE3strB5cxx11Ev
FNDA:13,_ZN4unit13to_str_type_tINS_13compound_unitIJNS_6secondILin4EEEEEELb0EE3strB5cxx11Ev
FNDA:13,_ZN4unit13to_str_type_tINS_13compound_unitIJNS_6secondILin1EEEEEELb0EE3strB5cxx11Ev
FNDA:13,_ZN4unit13to_str_type_tINS_13compound_unitIJNS_6secondILin6EEEEEELb0EE3strB5cxx11Ev
FNDA:13,_ZN4unit13to_str_type_tINS_13compound_unitIJNS_5meterILi1EEENS_6secondILi0EEEEEELb0EE3strB5cxx11Ev
FNDA:13,_ZN4unit13to_str_type_tINS_13compound_unitIJNS_5meterILi6EEENS_6secondILin4EEENS2_ILin8EEEEEELb0EE3strB5cxx11Ev
FNDA:13,_ZN4unit13to_str_type_tINS_13compound_unitIJNS_5meterILi2EEENS2_ILi6EEENS_6secondILin4EEENS2_ILin8EEEEEELb0EE3strB5cxx11Ev
FNDA:13,_ZN4unit13to_str_type_tINS_13compound_unitIJNS_6secondILin4EEENS_5meterILin8EEEEEELb0EE3strB5cxx11Ev
FNDA:13,_ZN4unit13to_str_type_tINS_13compound_unitIJNS_6secondILi3EEENS_5meterILi1EEEEEELb0EE3strB5cxx11Ev
FNDA:13,_ZN4unit13to_str_type_tINS_13compound_unitIJNS_5meterILi1EEENS_6secondILin1EEEEEELb0EE3strB5cxx11Ev
FNDA:13,_ZN4unit13to_str_type_tINS_13compound_unitIJNS_6secondILi2EEENS2_ILi3EEENS_5meterILi1EEENS2_ILin2EEEEEELb0EE3strB5cxx11Ev
FNDA:26,_ZN4unit13to_str_type_tINS_13compound_unitIJNS_6secondILin2EEEEEELb0EE3strB5cxx11Ev
FNDA:13,_ZN4unit13to_str_type_tINS_13compound_unitIJNS_6secondILi0EEEEEELb0EE3strB5cxx11Ev
FNDA:13,_ZN4unit13to_str_type_tINS_13compound_unitIJNS_6secondILi3EEENS_5meterILi1EEENS2_ILin2EEEEEELb0EE3strB5cxx11Ev
FNDA:13,_ZN4unit13to_str_type_tINS_13compound_unitIJNS_5meterILin8EEEEEELb0EE3strB5cxx11Ev
FNF:21
FNH:21
DA:181,312
DA:184,312
DA:192,143
DA:194,143
LF:4
LH:4
end_of_record
TN:
SF:/usr/include/c++/9/bits/basic_string.tcc
FN:206,_ZNSt7__cxx1112basic_stringIcSt11char_traitsIcESaIcEE12_M_constructIPKcEEvT_S8_St20forward_iterator_tag
FN:206,_ZNSt7__cxx1112basic_stringIcSt11char_traitsIcESaIcEE12_M_constructIPcEEvT_S7_St20forward_iterator_tag
FNDA:312,_ZNSt7__cxx1112basic_stringIcSt11char_traitsIcESaIcEE12_M_constructIPcEEvT_S7_St20forward_iterator_tag
FNDA:455,_ZNSt7__cxx1112basic_stringIcSt11char_traitsIcESaIcEE12_M_constructIPKcEEvT_S8_St20forward_iterator_tag
FNF:2
FNH:2
DA:206,767
DA:211,767
DA:212,0
DA:215,767
DA:217,767
DA:219,0
DA:220,0
DA:225,767
DA:226,0
DA:228,0
DA:229,0
DA:232,767
DA:233,767
LF:13
LH:7
end_of_record
