TN:
SF:/home/ptesic@syrmia.com/Desktop/VS/final_exam/2023_Analysis_Compound_Unit/unit_tests/CU_UnitTests/tst_compound_unit.cpp
FN:40,_ZN13compound_unit24testCompoundUnitTemplateEv
FN:50,_ZN13compound_unit24testMergingCompoundUnitsEv
FN:64,_ZN13compound_unit28testCondensingCompoundUnits1Ev
FN:81,_ZN13compound_unit28testCondensingCompoundUnits2Ev
FN:98,_ZN13compound_unit28testMultiplyingCompoundUnitsEv
FN:116,_ZN13compound_unit26testDividingCompoundUnits1Ev
FN:130,_ZN13compound_unit26testDividingCompoundUnits2Ev
FN:146,_ZN13compound_unit27testRemovingZeroEqualDegresEv
FN:165,_ZN13compound_unit32testUnfoldingNestedCompoundUnitsEv
FN:187,_ZN13compound_unit27testFormatingCompoundUnits1Ev
FN:217,_ZN13compound_unit27testFormatingCompoundUnits2Ev
FN:243,_ZN13compound_unit19testIsValidTemplateEv
FN:249,_ZN13compound_unitC2Ev
FN:254,_ZN13compound_unitD2Ev
FN:254,_ZN13compound_unitD0Ev
FN:259,_ZN13compound_unit12initTestCaseEv
FN:264,_ZN13compound_unit15cleanupTestCaseEv
FN:269,_ZN13compound_unit10test_case1Ev
FN:274,main
FNDA:7,_ZN13compound_unit26testDividingCompoundUnits1Ev
FNDA:7,_ZN13compound_unit27testRemovingZeroEqualDegresEv
FNDA:7,_ZN13compound_unit28testMultiplyingCompoundUnitsEv
FNDA:7,_ZN13compound_unit28testCondensingCompoundUnits1Ev
FNDA:7,_ZN13compound_unit26testDividingCompoundUnits2Ev
FNDA:0,_ZN13compound_unitD0Ev
FNDA:7,_ZN13compound_unit27testFormatingCompoundUnits1Ev
FNDA:7,_ZN13compound_unit15cleanupTestCaseEv
FNDA:7,_ZN13compound_unit28testCondensingCompoundUnits2Ev
FNDA:7,_ZN13compound_unit27testFormatingCompoundUnits2Ev
FNDA:7,_ZN13compound_unitC2Ev
FNDA:7,_ZN13compound_unit10test_case1Ev
FNDA:7,_ZN13compound_unit12initTestCaseEv
FNDA:7,_ZN13compound_unit19testIsValidTemplateEv
FNDA:7,_ZN13compound_unit32testUnfoldingNestedCompoundUnitsEv
FNDA:7,_ZN13compound_unit24testMergingCompoundUnitsEv
FNDA:7,main
FNDA:7,_ZN13compound_unitD2Ev
FNDA:7,_ZN13compound_unit24testCompoundUnitTemplateEv
FNF:19
FNH:18
DA:40,7
DA:44,7
DA:45,7
DA:47,7
DA:50,7
DA:57,7
DA:59,7
DA:61,7
DA:64,7
DA:76,7
DA:77,7
DA:78,7
DA:81,7
DA:93,7
DA:94,7
DA:95,7
DA:98,7
DA:111,7
DA:112,7
DA:113,7
DA:116,7
DA:126,7
DA:127,7
DA:128,7
DA:130,7
DA:142,7
DA:143,7
DA:144,7
DA:146,7
DA:160,7
DA:161,7
DA:162,7
DA:165,7
DA:182,7
DA:183,7
DA:184,7
DA:187,7
DA:212,7
DA:213,7
DA:214,7
DA:217,7
DA:238,7
DA:239,7
DA:240,7
DA:243,7
DA:245,7
DA:249,7
DA:252,7
DA:254,7
DA:257,7
DA:259,7
DA:262,7
DA:264,7
DA:267,7
DA:269,7
DA:272,7
DA:274,7
LF:57
LH:57
end_of_record
TN:
SF:/home/ptesic@syrmia.com/Desktop/VS/final_exam/2023_Analysis_Compound_Unit/unit_tests/CU_source_code/base_unit.hpp
FN:41,_ZN4unit5meterILin8EE3strEv
FN:41,_ZN4unit5meterILi5EE3strEv
FN:41,_ZN4unit5meterILi2EE3strEv
FN:41,_ZN4unit5meterILi1EE3strEv
FN:41,_ZN4unit5meterILi6EE3strEv
FN:65,_ZN4unit6secondILi1EE3strEv
FN:65,_ZN4unit6secondILin4EE3strEv
FN:65,_ZN4unit6secondILi2EE3strEv
FN:65,_ZN4unit6secondILin6EE3strEv
FN:65,_ZN4unit6secondILi0EE3strEv
FN:65,_ZN4unit6secondILin2EE3strEv
FN:65,_ZN4unit6secondILi3EE3strEv
FN:65,_ZN4unit6secondILin1EE3strEv
FN:65,_ZN4unit6secondILin3EE3strEv
FNDA:7,_ZN4unit6secondILi1EE3strEv
FNDA:14,_ZN4unit6secondILin4EE3strEv
FNDA:7,_ZN4unit6secondILi2EE3strEv
FNDA:7,_ZN4unit6secondILin6EE3strEv
FNDA:7,_ZN4unit5meterILin8EE3strEv
FNDA:7,_ZN4unit5meterILi5EE3strEv
FNDA:49,_ZN4unit5meterILi1EE3strEv
FNDA:14,_ZN4unit5meterILi2EE3strEv
FNDA:7,_ZN4unit6secondILi0EE3strEv
FNDA:14,_ZN4unit6secondILin2EE3strEv
FNDA:14,_ZN4unit6secondILi3EE3strEv
FNDA:7,_ZN4unit5meterILi6EE3strEv
FNDA:7,_ZN4unit6secondILin1EE3strEv
FNDA:7,_ZN4unit6secondILin3EE3strEv
FNF:14
FNH:14
DA:41,84
DA:43,84
DA:65,84
DA:67,84
LF:4
LH:4
end_of_record
TN:
SF:/home/ptesic@syrmia.com/Desktop/VS/final_exam/2023_Analysis_Compound_Unit/unit_tests/CU_source_code/compound_unit.hpp
FN:181,_ZN4unit13to_str_type_tINS_13compound_unitIJNS_5meterILin8EEEEEELb0EE3strB5cxx11Ev
FN:181,_ZN4unit13to_str_type_tINS_13compound_unitIJNS_6secondILi0EEEEEELb0EE3strB5cxx11Ev
FN:181,_ZN4unit13to_str_type_tINS_13compound_unitIJNS_6secondILi3EEENS_5meterILi1EEEEEELb0EE3strB5cxx11Ev
FN:181,_ZN4unit13to_str_type_tINS_13compound_unitIJNS_5meterILi5EEENS_6secondILin3EEEEEELb0EE3strB5cxx11Ev
FN:181,_ZN4unit13to_str_type_tINS_13compound_unitIJNS_6secondILin4EEENS_5meterILin8EEEEEELb0EE3strB5cxx11Ev
FN:181,_ZN4unit13to_str_type_tINS_13compound_unitIJNS_6secondILin6EEEEEELb0EE3strB5cxx11Ev
FN:181,_ZN4unit13to_str_type_tINS_13compound_unitIJNS_6secondILi2EEENS2_ILi3EEENS_5meterILi1EEENS2_ILin2EEEEEELb0EE3strB5cxx11Ev
FN:181,_ZN4unit13to_str_type_tINS_13compound_unitIJNS_5meterILi1EEENS_6secondILin2EEEEEELb0EE3strB5cxx11Ev
FN:181,_ZN4unit13to_str_type_tINS_13compound_unitIJNS_5meterILi1EEENS_6secondILi0EEEEEELb0EE3strB5cxx11Ev
FN:181,_ZN4unit13to_str_type_tINS_13compound_unitIJNS_5meterILi1EEEEEELb0EE3strB5cxx11Ev
FN:181,_ZN4unit13to_str_type_tINS_13compound_unitIJNS_5meterILi2EEENS_6secondILin6EEEEEELb0EE3strB5cxx11Ev
FN:181,_ZN4unit13to_str_type_tINS_13compound_unitIJNS_6secondILin2EEEEEELb0EE3strB5cxx11Ev
FN:181,_ZN4unit13to_str_type_tINS_13compound_unitIJNS_5meterILi1EEENS_6secondILin1EEEEEELb0EE3strB5cxx11Ev
FN:181,_ZN4unit13to_str_type_tINS_13compound_unitIJNS_6secondILin4EEEEEELb0EE3strB5cxx11Ev
FN:181,_ZN4unit13to_str_type_tINS_13compound_unitIJNS_6secondILin1EEEEEELb0EE3strB5cxx11Ev
FN:181,_ZN4unit13to_str_type_tINS_13compound_unitIJNS_5meterILi6EEENS_6secondILin4EEENS2_ILin8EEEEEELb0EE3strB5cxx11Ev
FN:181,_ZN4unit13to_str_type_tINS_13compound_unitIJNS_6secondILi3EEENS_5meterILi1EEENS2_ILin2EEEEEELb0EE3strB5cxx11Ev
FN:181,_ZN4unit13to_str_type_tINS_13compound_unitIJNS_6secondILin3EEEEEELb0EE3strB5cxx11Ev
FN:181,_ZN4unit13to_str_type_tINS_13compound_unitIJNS_6secondILi1EEENS_5meterILi1EEEEEELb0EE3strB5cxx11Ev
FN:181,_ZN4unit13to_str_type_tINS_13compound_unitIJNS_5meterILi2EEENS2_ILi6EEENS_6secondILin4EEENS2_ILin8EEEEEELb0EE3strB5cxx11Ev
FN:192,_ZN4unit13to_str_type_tINS_13compound_unitIJEEELb1EE3strB5cxx11Ev
FNDA:7,_ZN4unit13to_str_type_tINS_13compound_unitIJNS_6secondILin4EEEEEELb0EE3strB5cxx11Ev
FNDA:7,_ZN4unit13to_str_type_tINS_13compound_unitIJNS_6secondILin1EEEEEELb0EE3strB5cxx11Ev
FNDA:7,_ZN4unit13to_str_type_tINS_13compound_unitIJNS_5meterILi1EEENS_6secondILin1EEEEEELb0EE3strB5cxx11Ev
FNDA:7,_ZN4unit13to_str_type_tINS_13compound_unitIJNS_5meterILi2EEENS2_ILi6EEENS_6secondILin4EEENS2_ILin8EEEEEELb0EE3strB5cxx11Ev
FNDA:7,_ZN4unit13to_str_type_tINS_13compound_unitIJNS_6secondILi1EEENS_5meterILi1EEEEEELb0EE3strB5cxx11Ev
FNDA:7,_ZN4unit13to_str_type_tINS_13compound_unitIJNS_6secondILi3EEENS_5meterILi1EEENS2_ILin2EEEEEELb0EE3strB5cxx11Ev
FNDA:7,_ZN4unit13to_str_type_tINS_13compound_unitIJNS_6secondILin3EEEEEELb0EE3strB5cxx11Ev
FNDA:7,_ZN4unit13to_str_type_tINS_13compound_unitIJNS_5meterILi6EEENS_6secondILin4EEENS2_ILin8EEEEEELb0EE3strB5cxx11Ev
FNDA:7,_ZN4unit13to_str_type_tINS_13compound_unitIJNS_6secondILin4EEENS_5meterILin8EEEEEELb0EE3strB5cxx11Ev
FNDA:7,_ZN4unit13to_str_type_tINS_13compound_unitIJNS_5meterILi5EEENS_6secondILin3EEEEEELb0EE3strB5cxx11Ev
FNDA:7,_ZN4unit13to_str_type_tINS_13compound_unitIJNS_6secondILi0EEEEEELb0EE3strB5cxx11Ev
FNDA:7,_ZN4unit13to_str_type_tINS_13compound_unitIJNS_6secondILi3EEENS_5meterILi1EEEEEELb0EE3strB5cxx11Ev
FNDA:7,_ZN4unit13to_str_type_tINS_13compound_unitIJNS_5meterILin8EEEEEELb0EE3strB5cxx11Ev
FNDA:21,_ZN4unit13to_str_type_tINS_13compound_unitIJNS_5meterILi1EEEEEELb0EE3strB5cxx11Ev
FNDA:7,_ZN4unit13to_str_type_tINS_13compound_unitIJNS_5meterILi2EEENS_6secondILin6EEEEEELb0EE3strB5cxx11Ev
FNDA:77,_ZN4unit13to_str_type_tINS_13compound_unitIJEEELb1EE3strB5cxx11Ev
FNDA:14,_ZN4unit13to_str_type_tINS_13compound_unitIJNS_6secondILin2EEEEEELb0EE3strB5cxx11Ev
FNDA:14,_ZN4unit13to_str_type_tINS_13compound_unitIJNS_5meterILi1EEENS_6secondILin2EEEEEELb0EE3strB5cxx11Ev
FNDA:7,_ZN4unit13to_str_type_tINS_13compound_unitIJNS_5meterILi1EEENS_6secondILi0EEEEEELb0EE3strB5cxx11Ev
FNDA:7,_ZN4unit13to_str_type_tINS_13compound_unitIJNS_6secondILi2EEENS2_ILi3EEENS_5meterILi1EEENS2_ILin2EEEEEELb0EE3strB5cxx11Ev
FNDA:7,_ZN4unit13to_str_type_tINS_13compound_unitIJNS_6secondILin6EEEEEELb0EE3strB5cxx11Ev
FNF:21
FNH:21
DA:181,168
DA:184,168
DA:192,77
DA:194,77
LF:4
LH:4
end_of_record
TN:
SF:/usr/include/c++/9/bits/basic_string.tcc
FN:206,_ZNSt7__cxx1112basic_stringIcSt11char_traitsIcESaIcEE12_M_constructIPcEEvT_S7_St20forward_iterator_tag
FN:206,_ZNSt7__cxx1112basic_stringIcSt11char_traitsIcESaIcEE12_M_constructIPKcEEvT_S8_St20forward_iterator_tag
FNDA:245,_ZNSt7__cxx1112basic_stringIcSt11char_traitsIcESaIcEE12_M_constructIPKcEEvT_S8_St20forward_iterator_tag
FNDA:168,_ZNSt7__cxx1112basic_stringIcSt11char_traitsIcESaIcEE12_M_constructIPcEEvT_S7_St20forward_iterator_tag
FNF:2
FNH:2
DA:206,413
DA:211,413
DA:212,0
DA:215,413
DA:217,413
DA:219,0
DA:220,0
DA:225,413
DA:226,0
DA:228,0
DA:229,0
DA:232,413
DA:233,413
LF:13
LH:7
end_of_record
